SF:lib\app\modules\converter\domain\entities\currency_entity.dart
DA:6,5
LF:1
LH:1
end_of_record
SF:lib\app\modules\converter\domain\entities\currency_info_entity.dart
DA:5,3
LF:1
LH:1
end_of_record
SF:lib\app\modules\converter\domain\enums\currency_type_enum.dart
DA:1,3
LF:1
LH:1
end_of_record
SF:lib\app\modules\converter\domain\errors\errors.dart
DA:7,1
DA:16,1
DA:25,1
LF:3
LH:3
end_of_record
SF:lib\app\modules\converter\domain\usecases\convert_currency.dart
DA:16,2
DA:21,2
DA:22,2
DA:23,1
DA:24,2
DA:25,1
DA:26,4
DA:27,1
DA:30,2
DA:31,6
DA:34,2
DA:35,2
DA:36,4
DA:37,4
DA:40,1
DA:41,2
DA:42,1
DA:44,2
DA:47,1
DA:48,2
DA:49,1
DA:50,2
LF:22
LH:22
end_of_record
SF:lib\app\commons\errors.dart
DA:11,0
DA:19,0
DA:28,1
DA:39,0
LF:4
LH:1
end_of_record
SF:lib\app\commons\adapters\http_client\http_response.dart
DA:5,2
LF:1
LH:1
end_of_record
SF:lib\app\modules\converter\infra\datasources\currency_datasource.dart
DA:10,2
DA:15,2
DA:17,4
DA:18,4
DA:20,4
DA:23,1
LF:6
LH:6
end_of_record
SF:lib\app\modules\converter\infra\repositories\models\currency_info_models.dart
DA:4,2
DA:7,2
DA:12,2
DA:13,4
DA:14,2
DA:15,4
DA:16,4
LF:7
LH:7
end_of_record
SF:lib\app\app_module.dart
DA:14,0
DA:15,0
DA:16,0
DA:17,0
DA:20,0
DA:21,0
DA:22,0
DA:24,0
LF:8
LH:0
end_of_record
SF:lib\app\modules\converter\converter_module.dart
DA:17,3
DA:19,3
DA:21,3
DA:22,2
DA:23,4
DA:29,0
DA:31,0
LF:7
LH:5
end_of_record
SF:lib\app\modules\converter\presentation\pages\home\home_page.dart
DA:8,2
DA:10,1
DA:11,1
DA:15,1
DA:17,1
DA:18,1
DA:19,1
DA:21,1
DA:22,3
DA:24,1
DA:26,1
DA:29,2
DA:32,1
DA:34,1
DA:35,1
DA:36,1
DA:38,4
DA:40,1
DA:42,1
DA:43,1
DA:44,2
DA:45,2
DA:47,1
DA:49,1
DA:50,1
DA:51,2
DA:52,2
DA:54,1
DA:56,1
DA:57,1
DA:58,2
DA:59,2
DA:61,1
DA:62,1
DA:63,1
DA:73,2
LF:36
LH:36
end_of_record
SF:lib\app\commons\adapters\http_client\dio\dio_adapter.dart
DA:13,0
DA:17,0
DA:21,0
DA:27,0
DA:30,0
DA:32,0
DA:33,0
DA:34,0
DA:37,0
DA:38,0
DA:39,0
DA:40,0
DA:41,0
DA:43,0
DA:44,0
DA:52,0
DA:59,0
DA:63,0
DA:65,0
DA:66,0
DA:67,0
DA:70,0
DA:71,0
DA:72,0
DA:73,0
DA:74,0
DA:76,0
DA:77,0
DA:85,0
DA:92,0
DA:96,0
DA:98,0
DA:99,0
DA:100,0
DA:103,0
DA:104,0
DA:105,0
DA:106,0
DA:107,0
DA:109,0
DA:110,0
DA:118,0
DA:125,0
DA:129,0
DA:131,0
DA:132,0
DA:133,0
DA:136,0
DA:137,0
DA:138,0
DA:139,0
DA:140,0
DA:142,0
DA:143,0
LF:54
LH:0
end_of_record
SF:lib\app\commons\adapters\http_client\dio\interceptors\dio_interceptor.dart
DA:11,0
DA:13,0
DA:20,0
DA:21,0
DA:22,0
DA:23,0
DA:25,0
DA:26,0
DA:29,0
DA:32,0
DA:37,0
DA:38,0
DA:41,0
DA:47,0
DA:48,0
DA:50,0
DA:51,0
DA:52,0
DA:53,0
DA:54,0
DA:56,0
DA:58,0
DA:59,0
DA:60,0
DA:61,0
DA:62,0
DA:63,0
DA:65,0
DA:69,0
LF:29
LH:0
end_of_record
SF:lib\app\commons\adapters\localization\localization_helper.dart
DA:7,0
DA:8,0
DA:10,0
DA:12,0
LF:4
LH:0
end_of_record
SF:lib\app\modules\splash\splash_module.dart
DA:11,0
DA:12,0
DA:20,0
LF:3
LH:0
end_of_record
SF:lib\app\modules\converter\infra\repositories\currency_repository.dart
DA:8,1
DA:12,1
DA:13,3
LF:3
LH:3
end_of_record
SF:lib\app\modules\converter\presentation\pages\home\home_controller.dart
DA:19,1
DA:24,1
DA:25,2
DA:26,1
DA:27,3
DA:28,1
DA:30,1
DA:31,3
DA:33,1
DA:34,4
DA:36,1
DA:37,0
DA:39,1
DA:40,4
DA:43,0
DA:44,0
DA:45,0
DA:48,0
DA:49,0
DA:54,2
DA:59,0
DA:60,1
DA:61,1
DA:64,0
DA:65,0
DA:68,0
DA:69,0
LF:27
LH:16
end_of_record
SF:lib\app\modules\converter\presentation\pages\home\home_store.dart
DA:4,2
DA:6,1
DA:7,1
LF:3
LH:3
end_of_record
SF:lib\app\modules\converter\presentation\pages\about\about_page.dart
DA:5,1
DA:7,0
DA:8,0
DA:12,0
DA:14,0
DA:15,0
DA:16,0
DA:18,0
DA:19,0
DA:22,0
DA:23,0
LF:11
LH:1
end_of_record
SF:lib\app\modules\converter\presentation\widgets\custom_text_field_widget.dart
DA:10,1
DA:16,1
DA:18,1
DA:20,1
DA:22,1
DA:23,1
DA:26,1
DA:28,1
DA:29,1
DA:31,1
DA:32,1
DA:33,2
LF:12
LH:12
end_of_record
SF:lib\app\modules\splash\presentation\pages\splash\splash_controller.dart
DA:7,0
DA:11,0
DA:12,0
DA:16,0
DA:17,0
LF:5
LH:0
end_of_record
SF:lib\app\modules\splash\presentation\pages\splash\splash_page.dart
DA:7,1
DA:9,0
DA:10,0
DA:14,0
DA:16,0
DA:17,0
DA:20,0
DA:22,0
DA:23,0
DA:24,0
DA:27,0
DA:28,0
LF:12
LH:1
end_of_record
